<?xml version="1.0" encoding="UTF-8"?>
<!-- Generated by org.testng.reporters.JUnitXMLReporter -->
<testsuite ignored="18" hostname="DESKTOP-6AOHFH7" failures="0" tests="3" name="Test" time="8.823" errors="0" timestamp="20 Jun 2024 06:02:35 GMT">
  <testcase classname="testscript.CreateUser" name="createUser" time="2.104"/>
  <testcase classname="testscript.ValidLoginTest" name="validLogin" time="0.283"/>
  <testcase classname="testscript.InvalidLoginTest" name="script1" time="1.716"/>
  <testcase classname="genericLib.BaseTest" name="@BeforeSuite beforeSuite" time="0.0">
    <ignored/>
  </testcase> <!-- @BeforeSuite beforeSuite -->
  <testcase classname="genericLib.BaseTest" name="@BeforeSuite beforeSuite" time="0.0">
    <ignored/>
  </testcase> <!-- @BeforeSuite beforeSuite -->
  <testcase classname="genericLib.BaseTest" name="@BeforeSuite beforeSuite" time="0.0">
    <ignored/>
  </testcase> <!-- @BeforeSuite beforeSuite -->
  <testcase classname="genericLib.BaseTest" name="@BeforeSuite beforeSuite" time="0.0">
    <ignored/>
  </testcase> <!-- @BeforeSuite beforeSuite -->
  <testcase classname="testscript.CreateCustomerAndProjectTest" name="createCustomerAndProject" time="0.0">
    <ignored/>
  </testcase> <!-- createCustomerAndProject -->
  <testcase classname="genericLib.BaseTest" name="@AfterTest AfterTest" time="0.0">
    <ignored/>
  </testcase> <!-- @AfterTest AfterTest -->
  <testcase classname="genericLib.BaseTest" name="@AfterTest AfterTest" time="0.0">
    <ignored/>
  </testcase> <!-- @AfterTest AfterTest -->
  <testcase classname="genericLib.BaseTest" name="@AfterTest AfterTest" time="0.0">
    <ignored/>
  </testcase> <!-- @AfterTest AfterTest -->
  <testcase classname="genericLib.BaseTest" name="@AfterTest AfterTest" time="0.0">
    <ignored/>
  </testcase> <!-- @AfterTest AfterTest -->
  <testcase classname="genericLib.BaseTest" name="@BeforeTest beforeTest" time="0.0">
    <ignored/>
  </testcase> <!-- @BeforeTest beforeTest -->
  <testcase classname="genericLib.BaseTest" name="@BeforeTest beforeTest" time="0.0">
    <ignored/>
  </testcase> <!-- @BeforeTest beforeTest -->
  <testcase classname="genericLib.BaseTest" name="@BeforeTest beforeTest" time="0.0">
    <ignored/>
  </testcase> <!-- @BeforeTest beforeTest -->
  <testcase classname="genericLib.BaseTest" name="@BeforeTest beforeTest" time="0.0">
    <ignored/>
  </testcase> <!-- @BeforeTest beforeTest -->
  <testcase classname="genericLib.BaseTest" name="@AfterSuite AfterSuite" time="0.0">
    <ignored/>
  </testcase> <!-- @AfterSuite AfterSuite -->
  <testcase classname="genericLib.BaseTest" name="@AfterSuite AfterSuite" time="0.0">
    <ignored/>
  </testcase> <!-- @AfterSuite AfterSuite -->
  <testcase classname="genericLib.BaseTest" name="@AfterSuite AfterSuite" time="0.0">
    <ignored/>
  </testcase> <!-- @AfterSuite AfterSuite -->
  <testcase classname="genericLib.BaseTest" name="@AfterSuite AfterSuite" time="0.0">
    <ignored/>
  </testcase> <!-- @AfterSuite AfterSuite -->
  <testcase classname="testscript.DeleteAllProjectsCustomerTest" name="deleteAll" time="0.0">
    <ignored/>
  </testcase> <!-- deleteAll -->
</testsuite> <!-- Test -->
