<?xml version="1.0" encoding="UTF-8"?>
<testng-results ignored="0" total="5" passed="5" failed="0" skipped="0">
  <reporter-output>
  </reporter-output>
  <suite started-at="2024-06-20T07:17:55Z" name="Default suite" finished-at="2024-06-20T07:18:05Z" duration-ms="9813">
    <groups>
    </groups>
    <test started-at="2024-06-20T07:17:55Z" name="Default test" finished-at="2024-06-20T07:18:05Z" duration-ms="9813">
      <class name="dataprovider.WorkingDataProvider">
        <test-method signature="loginWithDataProvider(java.lang.String, java.lang.String)[pri:0, instance:dataprovider.WorkingDataProvider@268f106e]" started-at="2024-06-20T07:17:55Z" name="loginWithDataProvider" data-provider="TestData" finished-at="2024-06-20T07:17:59Z" duration-ms="4039" status="PASS">
          <params>
            <param index="0">
              <value>
                <![CDATA[admin12345]]>
              </value>
            </param>
            <param index="1">
              <value>
                <![CDATA[manager12345]]>
              </value>
            </param>
          </params>
          <reporter-output>
          </reporter-output>
        </test-method> <!-- loginWithDataProvider -->
        <test-method signature="loginWithDataProvider(java.lang.String, java.lang.String)[pri:0, instance:dataprovider.WorkingDataProvider@268f106e]" started-at="2024-06-20T07:17:59Z" name="loginWithDataProvider" data-provider="TestData" finished-at="2024-06-20T07:18:01Z" duration-ms="1543" status="PASS">
          <params>
            <param index="0">
              <value>
                <![CDATA[admin12345]]>
              </value>
            </param>
            <param index="1">
              <value>
                <![CDATA[manager12345]]>
              </value>
            </param>
          </params>
          <reporter-output>
          </reporter-output>
        </test-method> <!-- loginWithDataProvider -->
        <test-method signature="loginWithDataProvider(java.lang.String, java.lang.String)[pri:0, instance:dataprovider.WorkingDataProvider@268f106e]" started-at="2024-06-20T07:18:01Z" name="loginWithDataProvider" data-provider="TestData" finished-at="2024-06-20T07:18:02Z" duration-ms="1352" status="PASS">
          <params>
            <param index="0">
              <value>
                <![CDATA[admin12345]]>
              </value>
            </param>
            <param index="1">
              <value>
                <![CDATA[manager12345]]>
              </value>
            </param>
          </params>
          <reporter-output>
          </reporter-output>
        </test-method> <!-- loginWithDataProvider -->
        <test-method signature="loginWithDataProvider(java.lang.String, java.lang.String)[pri:0, instance:dataprovider.WorkingDataProvider@268f106e]" started-at="2024-06-20T07:18:02Z" name="loginWithDataProvider" data-provider="TestData" finished-at="2024-06-20T07:18:03Z" duration-ms="1412" status="PASS">
          <params>
            <param index="0">
              <value>
                <![CDATA[admin12345]]>
              </value>
            </param>
            <param index="1">
              <value>
                <![CDATA[manager12345]]>
              </value>
            </param>
          </params>
          <reporter-output>
          </reporter-output>
        </test-method> <!-- loginWithDataProvider -->
        <test-method signature="loginWithDataProvider(java.lang.String, java.lang.String)[pri:0, instance:dataprovider.WorkingDataProvider@268f106e]" started-at="2024-06-20T07:18:03Z" name="loginWithDataProvider" data-provider="TestData" finished-at="2024-06-20T07:18:05Z" duration-ms="1441" status="PASS">
          <params>
            <param index="0">
              <value>
                <![CDATA[admin12345]]>
              </value>
            </param>
            <param index="1">
              <value>
                <![CDATA[manager12345]]>
              </value>
            </param>
          </params>
          <reporter-output>
          </reporter-output>
        </test-method> <!-- loginWithDataProvider -->
      </class> <!-- dataprovider.WorkingDataProvider -->
    </test> <!-- Default test -->
  </suite> <!-- Default suite -->
</testng-results>
