<?xml version="1.0" encoding="UTF-8"?>
<testng-results ignored="16" total="21" passed="5" failed="0" skipped="0">
  <reporter-output>
    <line>
      <![CDATA[Connection with server]]>
    </line>
    <line>
      <![CDATA[Connection with Database]]>
    </line>
    <line>
      <![CDATA[Closing the browser]]>
    </line>
    <line>
      <![CDATA[Closing the browser]]>
    </line>
    <line>
      <![CDATA[Closing the browser]]>
    </line>
    <line>
      <![CDATA[Invalid login]]>
    </line>
    <line>
      <![CDATA[Closing the browser]]>
    </line>
    <line>
      <![CDATA[Closing the browser]]>
    </line>
    <line>
      <![CDATA[disconnecting with database]]>
    </line>
    <line>
      <![CDATA[disconnecting with server ]]>
    </line>
  </reporter-output>
  <suite started-at="2024-06-21T07:02:19Z" name="Surefire suite" finished-at="2024-06-21T07:02:45Z" duration-ms="26454">
    <groups>
      <group name="FT">
        <method signature="CreateUserTest.createUser()[pri:0, instance:testscript.CreateUserTest@797badd3]" name="createUser" class="testscript.CreateUserTest"/>
        <method signature="InvalidLoginTest.script1()[pri:0, instance:testscript.InvalidLoginTest@19dc67c2]" name="script1" class="testscript.InvalidLoginTest"/>
        <method signature="ValidLoginTest.validLogin()[pri:0, instance:testscript.ValidLoginTest@221af3c0]" name="validLogin" class="testscript.ValidLoginTest"/>
      </group> <!-- FT -->
    </groups>
    <test started-at="2024-06-21T07:02:19Z" name="Surefire test" finished-at="2024-06-21T07:02:45Z" duration-ms="26454">
      <class name="testscript.CreateUserTest">
        <test-method is-config="true" signature="beforeClass(java.lang.String)[pri:0, instance:testscript.CreateUserTest@797badd3]" started-at="2024-06-21T07:02:33Z" name="beforeClass" finished-at="2024-06-21T07:02:34Z" duration-ms="1364" status="PASS">
          <params>
            <param index="0">
              <value>
                <![CDATA[chrome]]>
              </value>
            </param>
          </params>
          <reporter-output>
          </reporter-output>
        </test-method> <!-- beforeClass -->
        <test-method signature="createUser()[pri:0, instance:testscript.CreateUserTest@797badd3]" started-at="2024-06-21T07:02:34Z" name="createUser" finished-at="2024-06-21T07:02:37Z" duration-ms="2549" status="PASS">
          <reporter-output>
          </reporter-output>
        </test-method> <!-- createUser -->
        <test-method is-config="true" signature="AfterClass()[pri:0, instance:testscript.CreateUserTest@797badd3]" started-at="2024-06-21T07:02:37Z" name="AfterClass" finished-at="2024-06-21T07:02:37Z" duration-ms="182" status="PASS">
          <reporter-output>
            <line>
              <![CDATA[Closing the browser]]>
            </line>
          </reporter-output>
        </test-method> <!-- AfterClass -->
      </class> <!-- testscript.CreateUserTest -->
      <class name="testscript.DeleteAllProjectsCustomerTest">
        <test-method is-config="true" signature="beforeClass(java.lang.String)[pri:0, instance:testscript.DeleteAllProjectsCustomerTest@77be656f]" started-at="2024-06-21T07:02:37Z" name="beforeClass" finished-at="2024-06-21T07:02:39Z" duration-ms="1322" status="PASS">
          <params>
            <param index="0">
              <value>
                <![CDATA[chrome]]>
              </value>
            </param>
          </params>
          <reporter-output>
          </reporter-output>
        </test-method> <!-- beforeClass -->
        <test-method signature="deleteAll()[pri:0, instance:testscript.DeleteAllProjectsCustomerTest@77be656f]" started-at="2024-06-21T07:02:39Z" name="deleteAll" finished-at="2024-06-21T07:02:40Z" duration-ms="1473" status="PASS">
          <reporter-output>
          </reporter-output>
        </test-method> <!-- deleteAll -->
        <test-method is-config="true" signature="AfterClass()[pri:0, instance:testscript.DeleteAllProjectsCustomerTest@77be656f]" started-at="2024-06-21T07:02:40Z" name="AfterClass" finished-at="2024-06-21T07:02:40Z" duration-ms="182" status="PASS">
          <reporter-output>
            <line>
              <![CDATA[Closing the browser]]>
            </line>
          </reporter-output>
        </test-method> <!-- AfterClass -->
      </class> <!-- testscript.DeleteAllProjectsCustomerTest -->
      <class name="testscript.InvalidLoginTest">
        <test-method is-config="true" signature="beforeClass(java.lang.String)[pri:0, instance:testscript.InvalidLoginTest@19dc67c2]" started-at="2024-06-21T07:02:40Z" name="beforeClass" finished-at="2024-06-21T07:02:42Z" duration-ms="1410" status="PASS">
          <params>
            <param index="0">
              <value>
                <![CDATA[chrome]]>
              </value>
            </param>
          </params>
          <reporter-output>
          </reporter-output>
        </test-method> <!-- beforeClass -->
        <test-method signature="script1()[pri:0, instance:testscript.InvalidLoginTest@19dc67c2]" started-at="2024-06-21T07:02:42Z" name="script1" finished-at="2024-06-21T07:02:43Z" duration-ms="1632" status="PASS">
          <reporter-output>
            <line>
              <![CDATA[Invalid login]]>
            </line>
          </reporter-output>
        </test-method> <!-- script1 -->
        <test-method is-config="true" signature="AfterClass()[pri:0, instance:testscript.InvalidLoginTest@19dc67c2]" started-at="2024-06-21T07:02:43Z" name="AfterClass" finished-at="2024-06-21T07:02:43Z" duration-ms="112" status="PASS">
          <reporter-output>
            <line>
              <![CDATA[Closing the browser]]>
            </line>
          </reporter-output>
        </test-method> <!-- AfterClass -->
      </class> <!-- testscript.InvalidLoginTest -->
      <class name="testscript.ValidLoginTest">
        <test-method is-config="true" signature="beforeClass(java.lang.String)[pri:0, instance:testscript.ValidLoginTest@221af3c0]" started-at="2024-06-21T07:02:43Z" name="beforeClass" finished-at="2024-06-21T07:02:45Z" duration-ms="1220" status="PASS">
          <params>
            <param index="0">
              <value>
                <![CDATA[chrome]]>
              </value>
            </param>
          </params>
          <reporter-output>
          </reporter-output>
        </test-method> <!-- beforeClass -->
        <test-method signature="validLogin()[pri:0, instance:testscript.ValidLoginTest@221af3c0]" started-at="2024-06-21T07:02:45Z" name="validLogin" finished-at="2024-06-21T07:02:45Z" duration-ms="475" status="PASS">
          <reporter-output>
          </reporter-output>
        </test-method> <!-- validLogin -->
        <test-method is-config="true" signature="AfterClass()[pri:0, instance:testscript.ValidLoginTest@221af3c0]" started-at="2024-06-21T07:02:45Z" name="AfterClass" finished-at="2024-06-21T07:02:45Z" duration-ms="47" status="PASS">
          <reporter-output>
            <line>
              <![CDATA[Closing the browser]]>
            </line>
          </reporter-output>
        </test-method> <!-- AfterClass -->
      </class> <!-- testscript.ValidLoginTest -->
      <class name="testscript.CreateCustomerAndProjectTest">
        <test-method is-config="true" signature="beforeSuite()[pri:0, instance:testscript.CreateCustomerAndProjectTest@1e9e725a]" started-at="2024-06-21T07:02:19Z" name="beforeSuite" finished-at="2024-06-21T07:02:19Z" duration-ms="12" status="PASS">
          <reporter-output>
            <line>
              <![CDATA[Connection with server]]>
            </line>
          </reporter-output>
        </test-method> <!-- beforeSuite -->
        <test-method is-config="true" signature="beforeTest()[pri:0, instance:testscript.CreateCustomerAndProjectTest@1e9e725a]" started-at="2024-06-21T07:02:19Z" name="beforeTest" finished-at="2024-06-21T07:02:19Z" duration-ms="0" status="PASS">
          <reporter-output>
            <line>
              <![CDATA[Connection with Database]]>
            </line>
          </reporter-output>
        </test-method> <!-- beforeTest -->
        <test-method is-config="true" signature="beforeClass(java.lang.String)[pri:0, instance:testscript.CreateCustomerAndProjectTest@1e9e725a]" started-at="2024-06-21T07:02:19Z" name="beforeClass" finished-at="2024-06-21T07:02:28Z" duration-ms="8884" status="PASS">
          <params>
            <param index="0">
              <value>
                <![CDATA[chrome]]>
              </value>
            </param>
          </params>
          <reporter-output>
          </reporter-output>
        </test-method> <!-- beforeClass -->
        <test-method signature="createCustomerAndProject()[pri:0, instance:testscript.CreateCustomerAndProjectTest@1e9e725a]" started-at="2024-06-21T07:02:28Z" name="createCustomerAndProject" finished-at="2024-06-21T07:02:33Z" duration-ms="5434" status="PASS">
          <reporter-output>
          </reporter-output>
        </test-method> <!-- createCustomerAndProject -->
        <test-method is-config="true" signature="AfterClass()[pri:0, instance:testscript.CreateCustomerAndProjectTest@1e9e725a]" started-at="2024-06-21T07:02:33Z" name="AfterClass" finished-at="2024-06-21T07:02:33Z" duration-ms="153" status="PASS">
          <reporter-output>
            <line>
              <![CDATA[Closing the browser]]>
            </line>
          </reporter-output>
        </test-method> <!-- AfterClass -->
        <test-method is-config="true" signature="AfterTest()[pri:0, instance:testscript.CreateCustomerAndProjectTest@1e9e725a]" started-at="2024-06-21T07:02:45Z" name="AfterTest" finished-at="2024-06-21T07:02:45Z" duration-ms="0" status="PASS">
          <reporter-output>
            <line>
              <![CDATA[disconnecting with database]]>
            </line>
          </reporter-output>
        </test-method> <!-- AfterTest -->
        <test-method is-config="true" signature="AfterSuite()[pri:0, instance:testscript.CreateCustomerAndProjectTest@1e9e725a]" started-at="2024-06-21T07:02:45Z" name="AfterSuite" finished-at="2024-06-21T07:02:45Z" duration-ms="0" status="PASS">
          <reporter-output>
            <line>
              <![CDATA[disconnecting with server ]]>
            </line>
          </reporter-output>
        </test-method> <!-- AfterSuite -->
      </class> <!-- testscript.CreateCustomerAndProjectTest -->
    </test> <!-- Surefire test -->
  </suite> <!-- Surefire suite -->
</testng-results>
